<?xml version="1.0" encoding="UTF-8"?>
<testsuite name="com.example.producingwebservice.ProducingWebServiceApplicationTests" tests="1" skipped="0" failures="0" errors="0" timestamp="2020-06-14T09:07:06" hostname="LAPTOP-4AO1RK2M" time="0.549">
  <properties/>
  <testcase name="contextLoads()" classname="com.example.producingwebservice.ProducingWebServiceApplicationTests" time="0.549"/>
  <system-out><![CDATA[12:07:02.602 [Test worker] DEBUG org.springframework.test.context.BootstrapUtils - Instantiating CacheAwareContextLoaderDelegate from class [org.springframework.test.context.cache.DefaultCacheAwareContextLoaderDelegate]
12:07:02.627 [Test worker] DEBUG org.springframework.test.context.BootstrapUtils - Instantiating BootstrapContext using constructor [public org.springframework.test.context.support.DefaultBootstrapContext(java.lang.Class,org.springframework.test.context.CacheAwareContextLoaderDelegate)]
12:07:02.672 [Test worker] DEBUG org.springframework.test.context.BootstrapUtils - Instantiating TestContextBootstrapper for test class [com.example.producingwebservice.ProducingWebServiceApplicationTests] from class [org.springframework.boot.test.context.SpringBootTestContextBootstrapper]
12:07:02.705 [Test worker] INFO org.springframework.boot.test.context.SpringBootTestContextBootstrapper - Neither @ContextConfiguration nor @ContextHierarchy found for test class [com.example.producingwebservice.ProducingWebServiceApplicationTests], using SpringBootContextLoader
12:07:02.713 [Test worker] DEBUG org.springframework.test.context.support.AbstractContextLoader - Did not detect default resource location for test class [com.example.producingwebservice.ProducingWebServiceApplicationTests]: class path resource [com/example/producingwebservice/ProducingWebServiceApplicationTests-context.xml] does not exist
12:07:02.714 [Test worker] DEBUG org.springframework.test.context.support.AbstractContextLoader - Did not detect default resource location for test class [com.example.producingwebservice.ProducingWebServiceApplicationTests]: class path resource [com/example/producingwebservice/ProducingWebServiceApplicationTestsContext.groovy] does not exist
12:07:02.714 [Test worker] INFO org.springframework.test.context.support.AbstractContextLoader - Could not detect default resource locations for test class [com.example.producingwebservice.ProducingWebServiceApplicationTests]: no resource found for suffixes {-context.xml, Context.groovy}.
12:07:02.715 [Test worker] INFO org.springframework.test.context.support.AnnotationConfigContextLoaderUtils - Could not detect default configuration classes for test class [com.example.producingwebservice.ProducingWebServiceApplicationTests]: ProducingWebServiceApplicationTests does not declare any static, non-private, non-final, nested classes annotated with @Configuration.
12:07:02.794 [Test worker] DEBUG org.springframework.test.context.support.ActiveProfilesUtils - Could not find an 'annotation declaring class' for annotation type [org.springframework.test.context.ActiveProfiles] and class [com.example.producingwebservice.ProducingWebServiceApplicationTests]
12:07:02.911 [Test worker] DEBUG org.springframework.context.annotation.ClassPathScanningCandidateComponentProvider - Identified candidate component class: file [C:\Users\mujah\Downloads\gs-producing-web-service-master\initial\build\classes\java\main\com\example\producingwebservice\ProducingWebServiceApplication.class]
12:07:02.919 [Test worker] INFO org.springframework.boot.test.context.SpringBootTestContextBootstrapper - Found @SpringBootConfiguration com.example.producingwebservice.ProducingWebServiceApplication for test class com.example.producingwebservice.ProducingWebServiceApplicationTests
12:07:03.080 [Test worker] DEBUG org.springframework.boot.test.context.SpringBootTestContextBootstrapper - @TestExecutionListeners is not present for class [com.example.producingwebservice.ProducingWebServiceApplicationTests]: using defaults.
12:07:03.081 [Test worker] INFO org.springframework.boot.test.context.SpringBootTestContextBootstrapper - Loaded default TestExecutionListener class names from location [META-INF/spring.factories]: [org.springframework.boot.test.autoconfigure.restdocs.RestDocsTestExecutionListener, org.springframework.boot.test.autoconfigure.web.client.MockRestServiceServerResetTestExecutionListener, org.springframework.boot.test.autoconfigure.web.servlet.MockMvcPrintOnlyOnFailureTestExecutionListener, org.springframework.boot.test.autoconfigure.web.servlet.WebDriverTestExecutionListener, org.springframework.boot.test.mock.mockito.MockitoTestExecutionListener, org.springframework.boot.test.mock.mockito.ResetMocksTestExecutionListener, org.springframework.test.context.web.ServletTestExecutionListener, org.springframework.test.context.support.DirtiesContextBeforeModesTestExecutionListener, org.springframework.test.context.support.DependencyInjectionTestExecutionListener, org.springframework.test.context.support.DirtiesContextTestExecutionListener, org.springframework.test.context.transaction.TransactionalTestExecutionListener, org.springframework.test.context.jdbc.SqlScriptsTestExecutionListener, org.springframework.test.context.event.EventPublishingTestExecutionListener]
12:07:03.094 [Test worker] DEBUG org.springframework.boot.test.context.SpringBootTestContextBootstrapper - Skipping candidate TestExecutionListener [org.springframework.test.context.transaction.TransactionalTestExecutionListener] due to a missing dependency. Specify custom listener classes or make the default listener classes and their required dependencies available. Offending class: [org/springframework/transaction/interceptor/TransactionAttributeSource]
12:07:03.094 [Test worker] DEBUG org.springframework.boot.test.context.SpringBootTestContextBootstrapper - Skipping candidate TestExecutionListener [org.springframework.test.context.jdbc.SqlScriptsTestExecutionListener] due to a missing dependency. Specify custom listener classes or make the default listener classes and their required dependencies available. Offending class: [org/springframework/transaction/interceptor/TransactionAttribute]
12:07:03.095 [Test worker] INFO org.springframework.boot.test.context.SpringBootTestContextBootstrapper - Using TestExecutionListeners: [org.springframework.test.context.web.ServletTestExecutionListener@7f4e3017, org.springframework.test.context.support.DirtiesContextBeforeModesTestExecutionListener@254655a, org.springframework.boot.test.mock.mockito.MockitoTestExecutionListener@2fb852b6, org.springframework.boot.test.autoconfigure.SpringBootDependencyInjectionTestExecutionListener@2549e618, org.springframework.test.context.support.DirtiesContextTestExecutionListener@2b09a42e, org.springframework.test.context.event.EventPublishingTestExecutionListener@a567aa0, org.springframework.boot.test.autoconfigure.restdocs.RestDocsTestExecutionListener@6796a4be, org.springframework.boot.test.autoconfigure.web.client.MockRestServiceServerResetTestExecutionListener@d85f772, org.springframework.boot.test.autoconfigure.web.servlet.MockMvcPrintOnlyOnFailureTestExecutionListener@6b4b0a38, org.springframework.boot.test.autoconfigure.web.servlet.WebDriverTestExecutionListener@52f1ee8b, org.springframework.boot.test.mock.mockito.ResetMocksTestExecutionListener@90133f]
12:07:03.099 [Test worker] DEBUG org.springframework.test.context.support.AbstractDirtiesContextTestExecutionListener - Before test class: context [DefaultTestContext@1cb82ae8 testClass = ProducingWebServiceApplicationTests, testInstance = [null], testMethod = [null], testException = [null], mergedContextConfiguration = [WebMergedContextConfiguration@5d66a186 testClass = ProducingWebServiceApplicationTests, locations = '{}', classes = '{class com.example.producingwebservice.ProducingWebServiceApplication}', contextInitializerClasses = '[]', activeProfiles = '{}', propertySourceLocations = '{}', propertySourceProperties = '{org.springframework.boot.test.context.SpringBootTestContextBootstrapper=true}', contextCustomizers = set[org.springframework.boot.test.autoconfigure.properties.PropertyMappingContextCustomizer@0, org.springframework.boot.test.autoconfigure.web.servlet.WebDriverContextCustomizerFactory$Customizer@75cc4cf6, org.springframework.boot.test.context.filter.ExcludeFilterContextCustomizer@713d9a3c, org.springframework.boot.test.json.DuplicateJsonObjectContextCustomizerFactory$DuplicateJsonObjectContextCustomizer@185256ff, org.springframework.boot.test.mock.mockito.MockitoContextCustomizer@0, org.springframework.boot.test.web.client.TestRestTemplateContextCustomizer@4d334c5f], resourceBasePath = 'src/main/webapp', contextLoader = 'org.springframework.boot.test.context.SpringBootContextLoader', parent = [null]], attributes = map['org.springframework.test.context.web.ServletTestExecutionListener.activateListener' -> true]], class annotated with @DirtiesContext [false] with mode [null].
12:07:03.145 [Test worker] DEBUG org.springframework.test.context.support.TestPropertySourceUtils - Adding inlined properties to environment: {spring.jmx.enabled=false, org.springframework.boot.test.context.SpringBootTestContextBootstrapper=true, server.port=-1}

  .   ____          _            __ _ _
 /\\ / ___'_ __ _ _(_)_ __  __ _ \ \ \ \
( ( )\___ | '_ | '_| | '_ \/ _` | \ \ \ \
 \\/  ___)| |_)| | | | | || (_| |  ) ) ) )
  '  |____| .__|_| |_|_| |_\__, | / / / /
 =========|_|==============|___/=/_/_/_/
 :: Spring Boot ::        (v2.2.2.RELEASE)

2020-06-14 12:07:03.804  INFO 27832 --- [    Test worker] .e.p.ProducingWebServiceApplicationTests : Starting ProducingWebServiceApplicationTests on LAPTOP-4AO1RK2M with PID 27832 (started by mujah in C:\Users\mujah\Downloads\gs-producing-web-service-master\initial)
2020-06-14 12:07:03.807  INFO 27832 --- [    Test worker] .e.p.ProducingWebServiceApplicationTests : No active profile set, falling back to default profiles: default
2020-06-14 12:07:04.954  INFO 27832 --- [    Test worker] trationDelegate$BeanPostProcessorChecker : Bean 'webServiceConfig' of type [com.example.producingwebservice.WebServiceConfig$$EnhancerBySpringCGLIB$$fb30ab28] is not eligible for getting processed by all BeanPostProcessors (for example: not eligible for auto-proxying)
2020-06-14 12:07:04.956  INFO 27832 --- [    Test worker] trationDelegate$BeanPostProcessorChecker : Bean 'org.springframework.ws.config.annotation.DelegatingWsConfiguration' of type [org.springframework.ws.config.annotation.DelegatingWsConfiguration$$EnhancerBySpringCGLIB$$de53ddbe] is not eligible for getting processed by all BeanPostProcessors (for example: not eligible for auto-proxying)
2020-06-14 12:07:05.017  INFO 27832 --- [    Test worker] .w.s.a.s.AnnotationActionEndpointMapping : Supporting [WS-Addressing August 2004, WS-Addressing 1.0]
2020-06-14 12:07:05.776  INFO 27832 --- [    Test worker] o.s.s.concurrent.ThreadPoolTaskExecutor  : Initializing ExecutorService 'applicationTaskExecutor'
2020-06-14 12:07:06.221  INFO 27832 --- [    Test worker] .e.p.ProducingWebServiceApplicationTests : Started ProducingWebServiceApplicationTests in 3.057 seconds (JVM running for 5.248)
]]></system-out>
  <system-err><![CDATA[]]></system-err>
</testsuite>
